<?xml version="1.0" encoding="UTF-8"?>
<!-- Generated by org.testng.reporters.JUnitReportReporter -->
<testsuite hostname="Yash" failures="0" tests="3" name="sfr.testcases.LoginPageTest" time="35.326" errors="0" timestamp="2024-12-10T17:38:54 IST" skipped="0">
  <testcase classname="sfr.testcases.LoginPageTest" name="loginPageTitleTest" time="4.241"/>
  <testcase classname="sfr.testcases.LoginPageTest" name="loginTest" time="17.235"/>
  <testcase classname="sfr.testcases.LoginPageTest" name="nylLogoImageTest" time="13.850"/>
</testsuite> <!-- sfr.testcases.LoginPageTest -->
