<?xml version="1.0" encoding="UTF-8"?>
<!-- Generated by org.testng.reporters.JUnitReportReporter -->
<testsuite hostname="Yash" failures="0" tests="3" name="sfr.testcases.ForgotPasswordPageTest" time="16.763" errors="0" timestamp="2024-12-10T17:34:15 IST" skipped="0">
  <testcase classname="sfr.testcases.ForgotPasswordPageTest" name="forgotPasswordLinkTest" time="9.868"/>
  <testcase classname="sfr.testcases.ForgotPasswordPageTest" name="forgotEmailResetTest" time="6.855"/>
  <testcase classname="sfr.testcases.ForgotPasswordPageTest" name="ResetConfirmTest" time="0.040"/>
</testsuite> <!-- sfr.testcases.ForgotPasswordPageTest -->
